Project(s)
----------
samples/OtelEvents.Sample.WebApi/OtelEvents.Sample.WebApi.csproj
src/OtelEvents.Analyzers/OtelEvents.Analyzers.csproj
src/OtelEvents.AspNetCore/OtelEvents.AspNetCore.csproj
src/OtelEvents.Azure.CosmosDb/OtelEvents.Azure.CosmosDb.csproj
src/OtelEvents.Azure.Storage/OtelEvents.Azure.Storage.csproj
src/OtelEvents.Causality/OtelEvents.Causality.csproj
src/OtelEvents.Cli/OtelEvents.Cli.csproj
src/OtelEvents.Exporter.Json/OtelEvents.Exporter.Json.csproj
src/OtelEvents.Grpc/OtelEvents.Grpc.csproj
src/OtelEvents.HttpClient/OtelEvents.HttpClient.csproj
src/OtelEvents.Schema/OtelEvents.Schema.csproj
src/OtelEvents.Subscriptions/OtelEvents.Subscriptions.csproj
src/OtelEvents.Testing/OtelEvents.Testing.csproj
tests/OtelEvents.Analyzers.Tests/OtelEvents.Analyzers.Tests.csproj
tests/OtelEvents.AspNetCore.Tests/OtelEvents.AspNetCore.Tests.csproj
tests/OtelEvents.Azure.CosmosDb.Tests/OtelEvents.Azure.CosmosDb.Tests.csproj
tests/OtelEvents.Azure.Storage.Tests/OtelEvents.Azure.Storage.Tests.csproj
tests/OtelEvents.Causality.Tests/OtelEvents.Causality.Tests.csproj
tests/OtelEvents.Cli.Tests/OtelEvents.Cli.Tests.csproj
tests/OtelEvents.Exporter.Json.Tests/OtelEvents.Exporter.Json.Tests.csproj
tests/OtelEvents.Grpc.Tests/OtelEvents.Grpc.Tests.csproj
tests/OtelEvents.HttpClient.Tests/OtelEvents.HttpClient.Tests.csproj
tests/OtelEvents.Integration.Tests/OtelEvents.Integration.Tests.csproj
tests/OtelEvents.Schema.Tests/OtelEvents.Schema.Tests.csproj
tests/OtelEvents.Subscriptions.Tests/OtelEvents.Subscriptions.Tests.csproj
tests/OtelEvents.Testing.Tests/OtelEvents.Testing.Tests.csproj
tools/OtelEvents.Cli/OtelEvents.Cli.csproj
